<?xml version="1.0" encoding="UTF-8"?>
<testsuite name="com.example.api.ApiApplicationTests" tests="1" skipped="0" failures="0" errors="0" timestamp="2025-12-10T12:51:28.579Z" hostname="Mac.lan" time="0.266">
  <properties/>
  <testcase name="contextLoads()" classname="com.example.api.ApiApplicationTests" time="0.266"/>
  <system-out><![CDATA[20:51:28.133 [Test worker] INFO org.springframework.test.context.support.AnnotationConfigContextLoaderUtils -- Could not detect default configuration classes for test class [com.example.api.ApiApplicationTests]: ApiApplicationTests does not declare any static, non-private, non-final, nested classes annotated with @Configuration.
20:51:28.165 [Test worker] INFO org.springframework.boot.test.context.SpringBootTestContextBootstrapper -- Found @SpringBootConfiguration com.example.api.ApiApplication for test class com.example.api.ApiApplicationTests

  .   ____          _            __ _ _
 /\\ / ___'_ __ _ _(_)_ __  __ _ \ \ \ \
( ( )\___ | '_ | '_| | '_ \/ _` | \ \ \ \
 \\/  ___)| |_)| | | | | || (_| |  ) ) ) )
  '  |____| .__|_| |_|_| |_\__, | / / / /
 =========|_|==============|___/=/_/_/_/

 :: Spring Boot ::                (v4.0.0)

2025-12-10T20:51:28.276+08:00  INFO 9329 --- [api] [    Test worker] com.example.api.ApiApplicationTests      : Starting ApiApplicationTests using Java 17.0.17 with PID 9329 (started by clydesalar in /Users/clydesalar/IdeaProjects/api)
2025-12-10T20:51:28.276+08:00  INFO 9329 --- [api] [    Test worker] com.example.api.ApiApplicationTests      : No active profile set, falling back to 1 default profile: "default"
2025-12-10T20:51:28.575+08:00  INFO 9329 --- [api] [    Test worker] com.example.api.ApiApplicationTests      : Started ApiApplicationTests in 0.367 seconds (process running for 0.745)
]]></system-out>
  <system-err><![CDATA[]]></system-err>
</testsuite>
