<?xml version="1.0" encoding="UTF-8"?>
<testsuite name="com.example.api.DiscountEngineTest" tests="11" skipped="0" failures="0" errors="0" timestamp="2025-12-10T07:52:05.760Z" hostname="Mac.lan" time="0.006">
  <properties/>
  <testcase name="testMutuallyExclusiveRules()" classname="com.example.api.DiscountEngineTest" time="0.003"/>
  <testcase name="testNoDiscountApplied()" classname="com.example.api.DiscountEngineTest" time="0.001"/>
  <testcase name="testPercentOffFood()" classname="com.example.api.DiscountEngineTest" time="0.0"/>
  <testcase name="testComboPolarPopAndRegularBeverage()" classname="com.example.api.DiscountEngineTest" time="0.0"/>
  <testcase name="testFoodDiscountMinimumNotMet()" classname="com.example.api.DiscountEngineTest" time="0.001"/>
  <testcase name="testMultipleDiscountTypes()" classname="com.example.api.DiscountEngineTest" time="0.0"/>
  <testcase name="testBuyXGetYPolarPop()" classname="com.example.api.DiscountEngineTest" time="0.0"/>
  <testcase name="testLargePolarPopOrder()" classname="com.example.api.DiscountEngineTest" time="0.001"/>
  <testcase name="testBuyXGetYPolarPopInsufficientQuantity()" classname="com.example.api.DiscountEngineTest" time="0.0"/>
  <testcase name="testBuyOneGetOneBeverages()" classname="com.example.api.DiscountEngineTest" time="0.0"/>
  <testcase name="testOddNumberBeveragesForBOGO()" classname="com.example.api.DiscountEngineTest" time="0.0"/>
  <system-out><![CDATA[]]></system-out>
  <system-err><![CDATA[]]></system-err>
</testsuite>
